<?xml version="1.0" encoding="UTF-8"?>
<!-- Generated by org.testng.reporters.JUnitReportReporter -->
<testsuite hostname="ravis-MacBook-Pro.local" name="com.twc.SmokeTestCases.Verify_Lotame_onApp_Launch" tests="1" failures="0" timestamp="11 Jan 2016 10:49:28 GMT" time="17.882" errors="0">
  <testcase name="Verify_LotameCall_onapp_launch_test" time="17.882" classname="com.twc.SmokeTestCases.Verify_Lotame_onApp_Launch"/>
</testsuite> <!-- com.twc.SmokeTestCases.Verify_Lotame_onApp_Launch -->
