<?xml version="1.0" encoding="UTF-8"?>
<!-- Generated by org.testng.reporters.JUnitReportReporter -->
<testsuite hostname="monocepts-MacBook-Pro.local" name="com.twc.AD_TestSuite.Smoke_Test" tests="9" failures="0" timestamp="15 Feb 2016 14:12:15 GMT" time="326.906" errors="0">
  <testcase name="AD_C333176_Verify_Ad_Present_On_MapsExtended_page" time="73.655" classname="com.twc.AD_TestSuite.Smoke_Test"/>
  <testcase name="AD_C333173_Verify_WeatherFX_ApiCall_On_FreshLaunch_RE" time="12.743" classname="com.twc.AD_TestSuite.Smoke_Test"/>
  <testcase name="AD_C333182_LotameAdTargeting_On_AppLaunch" time="18.231" classname="com.twc.AD_TestSuite.Smoke_Test"/>
  <testcase name="AD_C333180_Verify_Ad_Present_On_DailyExtended_page" time="67.113" classname="com.twc.AD_TestSuite.Smoke_Test"/>
  <testcase name="AD_C333174_FactualCall_On_FreshLaunch_RE" time="12.869" classname="com.twc.AD_TestSuite.Smoke_Test"/>
  <testcase name="AD_C333175_Verify_Ad_Present_On_HourlyExtended_page" time="7.697" classname="com.twc.AD_TestSuite.Smoke_Test"/>
  <testcase name="AD_C333177_Verify_Ad_Present_On_NewsExtended_page" time="102.787" classname="com.twc.AD_TestSuite.Smoke_Test"/>
  <testcase name="AD_C333172_Verify_AdCalls_On_CleanLaunch" time="25.760" classname="com.twc.AD_TestSuite.Smoke_Test"/>
  <testcase name="AD_C333179_Verify_AdCall_On_PulltoRefresh" time="6.051" classname="com.twc.AD_TestSuite.Smoke_Test"/>
</testsuite> <!-- com.twc.AD_TestSuite.Smoke_Test -->
