<?xml version="1.0" encoding="UTF-8"?>
<!-- Generated by org.testng.reporters.JUnitReportReporter -->
<testsuite hostname="ravis-MacBook-Pro.local" name="com.twc.SmokeTestCases.SmokeTest_AD_C333170_Beacon" tests="1" failures="0" timestamp="3 Feb 2016 10:11:28 GMT" time="3.512" errors="0">
  <testcase name="creativeId" time="3.512" classname="com.twc.SmokeTestCases.SmokeTest_AD_C333170_Beacon"/>
</testsuite> <!-- com.twc.SmokeTestCases.SmokeTest_AD_C333170_Beacon -->
