<?xml version="1.0" encoding="UTF-8"?>
<!-- Generated by org.testng.reporters.JUnitReportReporter -->
<testsuite hostname="ravis-MacBook-Pro.local" name="com.twc.General.downloadAPP" tests="1" failures="0" timestamp="8 Feb 2016 13:35:11 GMT" time="45.998" errors="1">
  <testcase name="downloadTheAPP" time="45.998" classname="com.twc.General.downloadAPP">
    <error type="org.openqa.selenium.WebDriverException" message="Failed to connect to binary FirefoxBinary(/Applications/Firefox.app/Contents/MacOS/firefox-bin) on port 7055; process output follows: 
q_6cvwswqr0000gn/T/anonymous8334358940587644543webdriver-profile/extensions/fxdriver@googlecode.com&quot;,&quot;installDate&quot;:1454938465000,&quot;updateDate&quot;:1454938465000,&quot;applyBackgroundUpdates&quot;:1,&quot;bootstrap&quot;:false,&quot;size&quot;:8234871,&quot;sourceURI&quot;:null,&quot;releaseNotesURI&quot;:null,&quot;softDisabled&quot;:false,&quot;foreignInstall&quot;:true,&quot;hasBinaryComponents&quot;:true,&quot;strictCompatibility&quot;:false,&quot;locales&quot;:[],&quot;targetApplications&quot;:[{&quot;id&quot;:&quot;{ec8030f7-c20a-464f-9b0e-13a3a9e97384}&quot;,&quot;minVersion&quot;:&quot;3.0&quot;,&quot;maxVersion&quot;:&quot;66.*&quot;}],&quot;targetPlatforms&quot;:[{&quot;os&quot;:&quot;Darwin&quot;,&quot;abi&quot;:null},{&quot;os&quot;:&quot;SunOS&quot;,&quot;abi&quot;:null},{&quot;os&quot;:&quot;FreeBSD&quot;,&quot;abi&quot;:null},{&quot;os&quot;:&quot;OpenBSD&quot;,&quot;abi&quot;:null},{&quot;os&quot;:&quot;WINNT&quot;,&quot;abi&quot;:&quot;x86-msvc&quot;},{&quot;os&quot;:&quot;Linux&quot;,&quot;abi&quot;:null}],&quot;multiprocessCompatible&quot;:false,&quot;signedState&quot;:0}
1454938465901	addons.xpi	DEBUG	Updating XPIState for {&quot;id&quot;:&quot;{972ce4c6-7e08-4474-a285-3208198ce6fd}&quot;,&quot;syncGUID&quot;:&quot;Cb9DHtOOOyMj&quot;,&quot;location&quot;:&quot;app-global&quot;,&quot;version&quot;:&quot;43.0.4&quot;,&quot;type&quot;:&quot;theme&quot;,&quot;internalName&quot;:&quot;classic/1.0&quot;,&quot;updateURL&quot;:null,&quot;updateKey&quot;:null,&quot;optionsURL&quot;:null,&quot;optionsType&quot;:null,&quot;aboutURL&quot;:null,&quot;iconURL&quot;:null,&quot;icon64URL&quot;:null,&quot;defaultLocale&quot;:{&quot;name&quot;:&quot;Default&quot;,&quot;description&quot;:&quot;The default theme.&quot;,&quot;creator&quot;:&quot;Mozilla&quot;,&quot;homepageURL&quot;:null,&quot;contributors&quot;:[&quot;Mozilla Contributors&quot;]},&quot;visible&quot;:true,&quot;active&quot;:true,&quot;userDisabled&quot;:false,&quot;appDisabled&quot;:false,&quot;descriptor&quot;:&quot;/Applications/Firefox.app/Contents/Resources/browser/extensions/{972ce4c6-7e08-4474-a285-3208198ce6fd}&quot;,&quot;installDate&quot;:1452160136000,&quot;updateDate&quot;:1452160136000,&quot;applyBackgroundUpdates&quot;:1,&quot;skinnable&quot;:true,&quot;size&quot;:8170,&quot;sourceURI&quot;:null,&quot;releaseNotesURI&quot;:null,&quot;softDisabled&quot;:false,&quot;foreignInstall&quot;:false,&quot;hasBinaryComponents&quot;:false,&quot;strictCompatibility&quot;:true,&quot;locales&quot;:[],&quot;targetApplications&quot;:[{&quot;id&quot;:&quot;{ec8030f7-c20a-464f-9b0e-13a3a9e97384}&quot;,&quot;minVersion&quot;:&quot;43.0.4&quot;,&quot;maxVersion&quot;:&quot;43.0.4&quot;}],&quot;targetPlatforms&quot;:[]}
1454938465901	addons.xpi	DEBUG	getModTime: Recursive scan of {972ce4c6-7e08-4474-a285-3208198ce6fd}
1454938465902	DeferredSave.extensions.json	DEBUG	Save changes
1454938465903	addons.xpi	DEBUG	Updating database with changes to installed add-ons
1454938465903	addons.xpi-utils	DEBUG	Updating add-on states
1454938465905	addons.xpi-utils	DEBUG	Writing add-ons list
1454938465915	addons.manager	DEBUG	Registering shutdown blocker for XPIProvider
1454938465916	addons.manager	DEBUG	Provider finished startup: XPIProvider
1454938465916	addons.manager	DEBUG	Starting provider: LightweightThemeManager
1454938465916	addons.manager	DEBUG	Registering shutdown blocker for LightweightThemeManager
1454938465916	addons.manager	DEBUG	Provider finished startup: LightweightThemeManager
1454938465916	addons.manager	DEBUG	Starting provider: GMPProvider
1454938465922	addons.manager	DEBUG	Registering shutdown blocker for GMPProvider
1454938465922	addons.manager	DEBUG	Provider finished startup: GMPProvider
1454938465922	addons.manager	DEBUG	Starting provider: PluginProvider
1454938465922	addons.manager	DEBUG	Registering shutdown blocker for PluginProvider
1454938465922	addons.manager	DEBUG	Provider finished startup: PluginProvider
1454938465923	addons.manager	DEBUG	Completed startup sequence
1454938466231	addons.manager	DEBUG	Starting provider: &lt;unnamed-provider&gt;
1454938466231	addons.manager	DEBUG	Registering shutdown blocker for &lt;unnamed-provider&gt;
1454938466232	addons.manager	DEBUG	Provider finished startup: &lt;unnamed-provider&gt;
1454938466313	DeferredSave.extensions.json	DEBUG	Starting write
1454938466437	addons.repository	DEBUG	No addons.json found.
1454938466437	DeferredSave.addons.json	DEBUG	Save changes
1454938466444	DeferredSave.addons.json	DEBUG	Starting timer
1454938466526	addons.manager	DEBUG	Starting provider: PreviousExperimentProvider
1454938466526	addons.manager	DEBUG	Registering shutdown blocker for PreviousExperimentProvider
1454938466526	addons.manager	DEBUG	Provider finished startup: PreviousExperimentProvider
1454938466534	DeferredSave.extensions.json	DEBUG	Write succeeded
1454938466535	addons.xpi-utils	DEBUG	XPI Database saved, setting schema version preference to 17
1454938466536	DeferredSave.addons.json	DEBUG	Starting write
1454938466589	DeferredSave.addons.json	DEBUG	Write succeeded

Build info: version: &#039;2.47.1&#039;, revision: &#039;unknown&#039;, time: &#039;2015-07-30 11:02:44&#039;
System info: host: &#039;ravis-MacBook-Pro.local&#039;, ip: &#039;192.168.1.74&#039;, os.name: &#039;Mac OS X&#039;, os.arch: &#039;x86_64&#039;, os.version: &#039;10.11&#039;, java.version: &#039;1.8.0_60&#039;
Driver info: driver.version: FirefoxDriver">
      <![CDATA[org.openqa.selenium.WebDriverException: Failed to connect to binary FirefoxBinary(/Applications/Firefox.app/Contents/MacOS/firefox-bin) on port 7055; process output follows: 
q_6cvwswqr0000gn/T/anonymous8334358940587644543webdriver-profile/extensions/fxdriver@googlecode.com","installDate":1454938465000,"updateDate":1454938465000,"applyBackgroundUpdates":1,"bootstrap":false,"size":8234871,"sourceURI":null,"releaseNotesURI":null,"softDisabled":false,"foreignInstall":true,"hasBinaryComponents":true,"strictCompatibility":false,"locales":[],"targetApplications":[{"id":"{ec8030f7-c20a-464f-9b0e-13a3a9e97384}","minVersion":"3.0","maxVersion":"66.*"}],"targetPlatforms":[{"os":"Darwin","abi":null},{"os":"SunOS","abi":null},{"os":"FreeBSD","abi":null},{"os":"OpenBSD","abi":null},{"os":"WINNT","abi":"x86-msvc"},{"os":"Linux","abi":null}],"multiprocessCompatible":false,"signedState":0}
1454938465901	addons.xpi	DEBUG	Updating XPIState for {"id":"{972ce4c6-7e08-4474-a285-3208198ce6fd}","syncGUID":"Cb9DHtOOOyMj","location":"app-global","version":"43.0.4","type":"theme","internalName":"classic/1.0","updateURL":null,"updateKey":null,"optionsURL":null,"optionsType":null,"aboutURL":null,"iconURL":null,"icon64URL":null,"defaultLocale":{"name":"Default","description":"The default theme.","creator":"Mozilla","homepageURL":null,"contributors":["Mozilla Contributors"]},"visible":true,"active":true,"userDisabled":false,"appDisabled":false,"descriptor":"/Applications/Firefox.app/Contents/Resources/browser/extensions/{972ce4c6-7e08-4474-a285-3208198ce6fd}","installDate":1452160136000,"updateDate":1452160136000,"applyBackgroundUpdates":1,"skinnable":true,"size":8170,"sourceURI":null,"releaseNotesURI":null,"softDisabled":false,"foreignInstall":false,"hasBinaryComponents":false,"strictCompatibility":true,"locales":[],"targetApplications":[{"id":"{ec8030f7-c20a-464f-9b0e-13a3a9e97384}","minVersion":"43.0.4","maxVersion":"43.0.4"}],"targetPlatforms":[]}
1454938465901	addons.xpi	DEBUG	getModTime: Recursive scan of {972ce4c6-7e08-4474-a285-3208198ce6fd}
1454938465902	DeferredSave.extensions.json	DEBUG	Save changes
1454938465903	addons.xpi	DEBUG	Updating database with changes to installed add-ons
1454938465903	addons.xpi-utils	DEBUG	Updating add-on states
1454938465905	addons.xpi-utils	DEBUG	Writing add-ons list
1454938465915	addons.manager	DEBUG	Registering shutdown blocker for XPIProvider
1454938465916	addons.manager	DEBUG	Provider finished startup: XPIProvider
1454938465916	addons.manager	DEBUG	Starting provider: LightweightThemeManager
1454938465916	addons.manager	DEBUG	Registering shutdown blocker for LightweightThemeManager
1454938465916	addons.manager	DEBUG	Provider finished startup: LightweightThemeManager
1454938465916	addons.manager	DEBUG	Starting provider: GMPProvider
1454938465922	addons.manager	DEBUG	Registering shutdown blocker for GMPProvider
1454938465922	addons.manager	DEBUG	Provider finished startup: GMPProvider
1454938465922	addons.manager	DEBUG	Starting provider: PluginProvider
1454938465922	addons.manager	DEBUG	Registering shutdown blocker for PluginProvider
1454938465922	addons.manager	DEBUG	Provider finished startup: PluginProvider
1454938465923	addons.manager	DEBUG	Completed startup sequence
1454938466231	addons.manager	DEBUG	Starting provider: <unnamed-provider>
1454938466231	addons.manager	DEBUG	Registering shutdown blocker for <unnamed-provider>
1454938466232	addons.manager	DEBUG	Provider finished startup: <unnamed-provider>
1454938466313	DeferredSave.extensions.json	DEBUG	Starting write
1454938466437	addons.repository	DEBUG	No addons.json found.
1454938466437	DeferredSave.addons.json	DEBUG	Save changes
1454938466444	DeferredSave.addons.json	DEBUG	Starting timer
1454938466526	addons.manager	DEBUG	Starting provider: PreviousExperimentProvider
1454938466526	addons.manager	DEBUG	Registering shutdown blocker for PreviousExperimentProvider
1454938466526	addons.manager	DEBUG	Provider finished startup: PreviousExperimentProvider
1454938466534	DeferredSave.extensions.json	DEBUG	Write succeeded
1454938466535	addons.xpi-utils	DEBUG	XPI Database saved, setting schema version preference to 17
1454938466536	DeferredSave.addons.json	DEBUG	Starting write
1454938466589	DeferredSave.addons.json	DEBUG	Write succeeded

Build info: version: '2.47.1', revision: 'unknown', time: '2015-07-30 11:02:44'
System info: host: 'ravis-MacBook-Pro.local', ip: '192.168.1.74', os.name: 'Mac OS X', os.arch: 'x86_64', os.version: '10.11', java.version: '1.8.0_60'
Driver info: driver.version: FirefoxDriver
	at org.openqa.selenium.firefox.internal.NewProfileExtensionConnection.start(NewProfileExtensionConnection.java:134)
	at org.openqa.selenium.firefox.FirefoxDriver.startClient(FirefoxDriver.java:276)
	at org.openqa.selenium.remote.RemoteWebDriver.<init>(RemoteWebDriver.java:116)
	at org.openqa.selenium.firefox.FirefoxDriver.<init>(FirefoxDriver.java:221)
	at org.openqa.selenium.firefox.FirefoxDriver.<init>(FirefoxDriver.java:216)
	at org.openqa.selenium.firefox.FirefoxDriver.<init>(FirefoxDriver.java:212)
	at org.openqa.selenium.firefox.FirefoxDriver.<init>(FirefoxDriver.java:129)
	at com.twc.General.downloadAPP.downloadTheAPP(downloadAPP.java:106)
	at sun.reflect.NativeMethodAccessorImpl.invoke0(Native Method)
	at sun.reflect.NativeMethodAccessorImpl.invoke(NativeMethodAccessorImpl.java:62)
	at sun.reflect.DelegatingMethodAccessorImpl.invoke(DelegatingMethodAccessorImpl.java:43)
	at java.lang.reflect.Method.invoke(Method.java:497)
	at org.testng.internal.MethodInvocationHelper.invokeMethod(MethodInvocationHelper.java:85)
	at org.testng.internal.Invoker.invokeMethod(Invoker.java:639)
	at org.testng.internal.Invoker.invokeTestMethod(Invoker.java:816)
	at org.testng.internal.Invoker.invokeTestMethods(Invoker.java:1124)
	at org.testng.internal.TestMethodWorker.invokeTestMethods(TestMethodWorker.java:124)
	at org.testng.internal.TestMethodWorker.run(TestMethodWorker.java:108)
	at org.testng.TestRunner.privateRun(TestRunner.java:773)
	at org.testng.TestRunner.run(TestRunner.java:623)
	at org.testng.SuiteRunner.runTest(SuiteRunner.java:359)
	at org.testng.SuiteRunner.runSequentially(SuiteRunner.java:354)
	at org.testng.SuiteRunner.privateRun(SuiteRunner.java:312)
	at org.testng.SuiteRunner.run(SuiteRunner.java:261)
	at org.testng.SuiteRunnerWorker.runSuite(SuiteRunnerWorker.java:52)
	at org.testng.SuiteRunnerWorker.run(SuiteRunnerWorker.java:86)
	at org.testng.TestNG.runSuitesSequentially(TestNG.java:1185)
	at org.testng.TestNG.runSuitesLocally(TestNG.java:1110)
	at org.testng.TestNG.run(TestNG.java:1018)
	at org.testng.remote.RemoteTestNG.run(RemoteTestNG.java:112)
	at org.testng.remote.RemoteTestNG.initAndRun(RemoteTestNG.java:205)
	at org.testng.remote.RemoteTestNG.main(RemoteTestNG.java:176)
Caused by: org.openqa.selenium.firefox.NotConnectedException: Unable to connect to host 127.0.0.1 on port 7055 after 45000 ms. Firefox console output:
q_6cvwswqr0000gn/T/anonymous8334358940587644543webdriver-profile/extensions/fxdriver@googlecode.com","installDate":1454938465000,"updateDate":1454938465000,"applyBackgroundUpdates":1,"bootstrap":false,"size":8234871,"sourceURI":null,"releaseNotesURI":null,"softDisabled":false,"foreignInstall":true,"hasBinaryComponents":true,"strictCompatibility":false,"locales":[],"targetApplications":[{"id":"{ec8030f7-c20a-464f-9b0e-13a3a9e97384}","minVersion":"3.0","maxVersion":"66.*"}],"targetPlatforms":[{"os":"Darwin","abi":null},{"os":"SunOS","abi":null},{"os":"FreeBSD","abi":null},{"os":"OpenBSD","abi":null},{"os":"WINNT","abi":"x86-msvc"},{"os":"Linux","abi":null}],"multiprocessCompatible":false,"signedState":0}
1454938465901	addons.xpi	DEBUG	Updating XPIState for {"id":"{972ce4c6-7e08-4474-a285-3208198ce6fd}","syncGUID":"Cb9DHtOOOyMj","location":"app-global","version":"43.0.4","type":"theme","internalName":"classic/1.0","updateURL":null,"updateKey":null,"optionsURL":null,"optionsType":null,"aboutURL":null,"iconURL":null,"icon64URL":null,"defaultLocale":{"name":"Default","description":"The default theme.","creator":"Mozilla","homepageURL":null,"contributors":["Mozilla Contributors"]},"visible":true,"active":true,"userDisabled":false,"appDisabled":false,"descriptor":"/Applications/Firefox.app/Contents/Resources/browser/extensions/{972ce4c6-7e08-4474-a285-3208198ce6fd}","installDate":1452160136000,"updateDate":1452160136000,"applyBackgroundUpdates":1,"skinnable":true,"size":8170,"sourceURI":null,"releaseNotesURI":null,"softDisabled":false,"foreignInstall":false,"hasBinaryComponents":false,"strictCompatibility":true,"locales":[],"targetApplications":[{"id":"{ec8030f7-c20a-464f-9b0e-13a3a9e97384}","minVersion":"43.0.4","maxVersion":"43.0.4"}],"targetPlatforms":[]}
1454938465901	addons.xpi	DEBUG	getModTime: Recursive scan of {972ce4c6-7e08-4474-a285-3208198ce6fd}
1454938465902	DeferredSave.extensions.json	DEBUG	Save changes
1454938465903	addons.xpi	DEBUG	Updating database with changes to installed add-ons
1454938465903	addons.xpi-utils	DEBUG	Updating add-on states
1454938465905	addons.xpi-utils	DEBUG	Writing add-ons list
1454938465915	addons.manager	DEBUG	Registering shutdown blocker for XPIProvider
1454938465916	addons.manager	DEBUG	Provider finished startup: XPIProvider
1454938465916	addons.manager	DEBUG	Starting provider: LightweightThemeManager
1454938465916	addons.manager	DEBUG	Registering shutdown blocker for LightweightThemeManager
1454938465916	addons.manager	DEBUG	Provider finished startup: LightweightThemeManager
1454938465916	addons.manager	DEBUG	Starting provider: GMPProvider
1454938465922	addons.manager	DEBUG	Registering shutdown blocker for GMPProvider
1454938465922	addons.manager	DEBUG	Provider finished startup: GMPProvider
1454938465922	addons.manager	DEBUG	Starting provider: PluginProvider
1454938465922	addons.manager	DEBUG	Registering shutdown blocker for PluginProvider
1454938465922	addons.manager	DEBUG	Provider finished startup: PluginProvider
1454938465923	addons.manager	DEBUG	Completed startup sequence
1454938466231	addons.manager	DEBUG	Starting provider: <unnamed-provider>
1454938466231	addons.manager	DEBUG	Registering shutdown blocker for <unnamed-provider>
1454938466232	addons.manager	DEBUG	Provider finished startup: <unnamed-provider>
1454938466313	DeferredSave.extensions.json	DEBUG	Starting write
1454938466437	addons.repository	DEBUG	No addons.json found.
1454938466437	DeferredSave.addons.json	DEBUG	Save changes
1454938466444	DeferredSave.addons.json	DEBUG	Starting timer
1454938466526	addons.manager	DEBUG	Starting provider: PreviousExperimentProvider
1454938466526	addons.manager	DEBUG	Registering shutdown blocker for PreviousExperimentProvider
1454938466526	addons.manager	DEBUG	Provider finished startup: PreviousExperimentProvider
1454938466534	DeferredSave.extensions.json	DEBUG	Write succeeded
1454938466535	addons.xpi-utils	DEBUG	XPI Database saved, setting schema version preference to 17
1454938466536	DeferredSave.addons.json	DEBUG	Starting write
1454938466589	DeferredSave.addons.json	DEBUG	Write succeeded

	at org.openqa.selenium.firefox.internal.NewProfileExtensionConnection.start(NewProfileExtensionConnection.java:122)
	... 31 more
]]>
    </error>
  </testcase> <!-- downloadTheAPP -->
</testsuite> <!-- com.twc.General.downloadAPP -->
